{"total": {"lines":{"total":3353,"covered":2847,"skipped":0,"pct":84.9},"statements":{"total":3524,"covered":2978,"skipped":0,"pct":84.5},"functions":{"total":640,"covered":529,"skipped":0,"pct":82.65},"branches":{"total":2301,"covered":1890,"skipped":0,"pct":82.13},"branchesTrue":{"total":0,"covered":0,"skipped":0,"pct":100}}
,"/home/runner/work/pebble-app-framework/pebble-app-framework/.github/actions/build-docs-site/scripts/build-docs-site.js": {"lines":{"total":50,"covered":48,"skipped":0,"pct":96},"functions":{"total":8,"covered":8,"skipped":0,"pct":100},"statements":{"total":53,"covered":51,"skipped":0,"pct":96.22},"branches":{"total":42,"covered":36,"skipped":0,"pct":85.71}}
,"/home/runner/work/pebble-app-framework/pebble-app-framework/.github/actions/build-docs-site/scripts/lib.js": {"lines":{"total":28,"covered":28,"skipped":0,"pct":100},"functions":{"total":4,"covered":4,"skipped":0,"pct":100},"statements":{"total":28,"covered":28,"skipped":0,"pct":100},"branches":{"total":23,"covered":23,"skipped":0,"pct":100}}
,"/home/runner/work/pebble-app-framework/pebble-app-framework/.github/actions/build-doxygen/scripts/build-doxygen.js": {"lines":{"total":35,"covered":34,"skipped":0,"pct":97.14},"functions":{"total":3,"covered":3,"skipped":0,"pct":100},"statements":{"total":36,"covered":35,"skipped":0,"pct":97.22},"branches":{"total":30,"covered":26,"skipped":0,"pct":86.66}}
,"/home/runner/work/pebble-app-framework/pebble-app-framework/.github/actions/build-doxygen/scripts/lib.js": {"lines":{"total":14,"covered":13,"skipped":0,"pct":92.85},"functions":{"total":1,"covered":1,"skipped":0,"pct":100},"statements":{"total":14,"covered":13,"skipped":0,"pct":92.85},"branches":{"total":10,"covered":8,"skipped":0,"pct":80}}
,"/home/runner/work/pebble-app-framework/pebble-app-framework/.github/actions/prepare-release/scripts/lib.js": {"lines":{"total":26,"covered":25,"skipped":0,"pct":96.15},"functions":{"total":6,"covered":5,"skipped":0,"pct":83.33},"statements":{"total":27,"covered":25,"skipped":0,"pct":92.59},"branches":{"total":18,"covered":16,"skipped":0,"pct":88.88}}
,"/home/runner/work/pebble-app-framework/pebble-app-framework/.github/actions/prepare-release/scripts/prepare-release.js": {"lines":{"total":70,"covered":63,"skipped":0,"pct":90},"functions":{"total":3,"covered":2,"skipped":0,"pct":66.66},"statements":{"total":72,"covered":64,"skipped":0,"pct":88.88},"branches":{"total":50,"covered":35,"skipped":0,"pct":70}}
,"/home/runner/work/pebble-app-framework/pebble-app-framework/.github/actions/publish-docs-site/scripts/lib.js": {"lines":{"total":14,"covered":14,"skipped":0,"pct":100},"functions":{"total":7,"covered":7,"skipped":0,"pct":100},"statements":{"total":17,"covered":17,"skipped":0,"pct":100},"branches":{"total":10,"covered":10,"skipped":0,"pct":100}}
,"/home/runner/work/pebble-app-framework/pebble-app-framework/.github/actions/publish-docs-site/scripts/publish-docs-site.js": {"lines":{"total":66,"covered":63,"skipped":0,"pct":95.45},"functions":{"total":6,"covered":6,"skipped":0,"pct":100},"statements":{"total":68,"covered":65,"skipped":0,"pct":95.58},"branches":{"total":41,"covered":35,"skipped":0,"pct":85.36}}
,"/home/runner/work/pebble-app-framework/pebble-app-framework/.github/actions/publish-release/scripts/lib.js": {"lines":{"total":4,"covered":4,"skipped":0,"pct":100},"functions":{"total":1,"covered":1,"skipped":0,"pct":100},"statements":{"total":4,"covered":4,"skipped":0,"pct":100},"branches":{"total":2,"covered":2,"skipped":0,"pct":100}}
,"/home/runner/work/pebble-app-framework/pebble-app-framework/.github/actions/publish-release/scripts/publish-release.js": {"lines":{"total":42,"covered":41,"skipped":0,"pct":97.61},"functions":{"total":5,"covered":5,"skipped":0,"pct":100},"statements":{"total":44,"covered":43,"skipped":0,"pct":97.72},"branches":{"total":20,"covered":16,"skipped":0,"pct":80}}
,"/home/runner/work/pebble-app-framework/pebble-app-framework/.github/actions/render-memory/scripts/lib.js": {"lines":{"total":26,"covered":24,"skipped":0,"pct":92.3},"functions":{"total":6,"covered":6,"skipped":0,"pct":100},"statements":{"total":26,"covered":24,"skipped":0,"pct":92.3},"branches":{"total":20,"covered":12,"skipped":0,"pct":60}}
,"/home/runner/work/pebble-app-framework/pebble-app-framework/.github/actions/render-memory/scripts/render-memory.js": {"lines":{"total":19,"covered":19,"skipped":0,"pct":100},"functions":{"total":4,"covered":4,"skipped":0,"pct":100},"statements":{"total":22,"covered":22,"skipped":0,"pct":100},"branches":{"total":4,"covered":3,"skipped":0,"pct":75}}
,"/home/runner/work/pebble-app-framework/pebble-app-framework/.github/actions/report-memory/scripts/lib.js": {"lines":{"total":34,"covered":32,"skipped":0,"pct":94.11},"functions":{"total":3,"covered":3,"skipped":0,"pct":100},"statements":{"total":35,"covered":32,"skipped":0,"pct":91.42},"branches":{"total":12,"covered":9,"skipped":0,"pct":75}}
,"/home/runner/work/pebble-app-framework/pebble-app-framework/.github/actions/report-memory/scripts/report-memory.js": {"lines":{"total":39,"covered":36,"skipped":0,"pct":92.3},"functions":{"total":2,"covered":2,"skipped":0,"pct":100},"statements":{"total":39,"covered":36,"skipped":0,"pct":92.3},"branches":{"total":16,"covered":12,"skipped":0,"pct":75}}
,"/home/runner/work/pebble-app-framework/pebble-app-framework/.github/actions/setup-pebble/scripts/lib.js": {"lines":{"total":26,"covered":26,"skipped":0,"pct":100},"functions":{"total":5,"covered":5,"skipped":0,"pct":100},"statements":{"total":26,"covered":26,"skipped":0,"pct":100},"branches":{"total":14,"covered":14,"skipped":0,"pct":100}}
,"/home/runner/work/pebble-app-framework/pebble-app-framework/.github/actions/setup-pebble/scripts/verify-pebble.js": {"lines":{"total":26,"covered":26,"skipped":0,"pct":100},"functions":{"total":2,"covered":2,"skipped":0,"pct":100},"statements":{"total":27,"covered":27,"skipped":0,"pct":100},"branches":{"total":18,"covered":16,"skipped":0,"pct":88.88}}
,"/home/runner/work/pebble-app-framework/pebble-app-framework/.github/actions/verify-c-tests/scripts/lib.js": {"lines":{"total":36,"covered":34,"skipped":0,"pct":94.44},"functions":{"total":2,"covered":2,"skipped":0,"pct":100},"statements":{"total":37,"covered":35,"skipped":0,"pct":94.59},"branches":{"total":24,"covered":20,"skipped":0,"pct":83.33}}
,"/home/runner/work/pebble-app-framework/pebble-app-framework/.github/actions/verify-c-tests/scripts/verify-c-tests.js": {"lines":{"total":61,"covered":61,"skipped":0,"pct":100},"functions":{"total":8,"covered":8,"skipped":0,"pct":100},"statements":{"total":67,"covered":67,"skipped":0,"pct":100},"branches":{"total":31,"covered":29,"skipped":0,"pct":93.54}}
,"/home/runner/work/pebble-app-framework/pebble-app-framework/.github/actions/verify-eslint/scripts/lib.js": {"lines":{"total":7,"covered":7,"skipped":0,"pct":100},"functions":{"total":1,"covered":1,"skipped":0,"pct":100},"statements":{"total":7,"covered":7,"skipped":0,"pct":100},"branches":{"total":8,"covered":7,"skipped":0,"pct":87.5}}
,"/home/runner/work/pebble-app-framework/pebble-app-framework/.github/actions/verify-eslint/scripts/verify-eslint.js": {"lines":{"total":25,"covered":25,"skipped":0,"pct":100},"functions":{"total":3,"covered":3,"skipped":0,"pct":100},"statements":{"total":26,"covered":26,"skipped":0,"pct":100},"branches":{"total":10,"covered":9,"skipped":0,"pct":90}}
,"/home/runner/work/pebble-app-framework/pebble-app-framework/.github/actions/verify-typecheck/scripts/lib.js": {"lines":{"total":14,"covered":14,"skipped":0,"pct":100},"functions":{"total":1,"covered":1,"skipped":0,"pct":100},"statements":{"total":14,"covered":14,"skipped":0,"pct":100},"branches":{"total":10,"covered":10,"skipped":0,"pct":100}}
,"/home/runner/work/pebble-app-framework/pebble-app-framework/.github/actions/verify-typecheck/scripts/verify-typecheck.js": {"lines":{"total":41,"covered":41,"skipped":0,"pct":100},"functions":{"total":6,"covered":6,"skipped":0,"pct":100},"statements":{"total":42,"covered":42,"skipped":0,"pct":100},"branches":{"total":22,"covered":21,"skipped":0,"pct":95.45}}
,"/home/runner/work/pebble-app-framework/pebble-app-framework/.github/actions/verify-vitest/scripts/lib.js": {"lines":{"total":12,"covered":12,"skipped":0,"pct":100},"functions":{"total":3,"covered":3,"skipped":0,"pct":100},"statements":{"total":13,"covered":13,"skipped":0,"pct":100},"branches":{"total":26,"covered":21,"skipped":0,"pct":80.76}}
,"/home/runner/work/pebble-app-framework/pebble-app-framework/.github/actions/verify-vitest/scripts/verify-vitest.js": {"lines":{"total":31,"covered":31,"skipped":0,"pct":100},"functions":{"total":3,"covered":3,"skipped":0,"pct":100},"statements":{"total":32,"covered":32,"skipped":0,"pct":100},"branches":{"total":20,"covered":18,"skipped":0,"pct":90}}
,"/home/runner/work/pebble-app-framework/pebble-app-framework/tools/build-conditions.ts": {"lines":{"total":52,"covered":47,"skipped":0,"pct":90.38},"functions":{"total":9,"covered":6,"skipped":0,"pct":66.66},"statements":{"total":53,"covered":47,"skipped":0,"pct":88.67},"branches":{"total":12,"covered":9,"skipped":0,"pct":75}}
,"/home/runner/work/pebble-app-framework/pebble-app-framework/tools/faces.ts": {"lines":{"total":46,"covered":36,"skipped":0,"pct":78.26},"functions":{"total":12,"covered":6,"skipped":0,"pct":50},"statements":{"total":48,"covered":36,"skipped":0,"pct":75},"branches":{"total":28,"covered":21,"skipped":0,"pct":75}}
,"/home/runner/work/pebble-app-framework/pebble-app-framework/tools/files.ts": {"lines":{"total":5,"covered":0,"skipped":0,"pct":0},"functions":{"total":1,"covered":0,"skipped":0,"pct":0},"statements":{"total":5,"covered":0,"skipped":0,"pct":0},"branches":{"total":2,"covered":0,"skipped":0,"pct":0}}
,"/home/runner/work/pebble-app-framework/pebble-app-framework/tools/paths.ts": {"lines":{"total":18,"covered":16,"skipped":0,"pct":88.88},"functions":{"total":4,"covered":4,"skipped":0,"pct":100},"statements":{"total":18,"covered":16,"skipped":0,"pct":88.88},"branches":{"total":16,"covered":16,"skipped":0,"pct":100}}
,"/home/runner/work/pebble-app-framework/pebble-app-framework/tools/typecheck.ts": {"lines":{"total":19,"covered":3,"skipped":0,"pct":15.78},"functions":{"total":8,"covered":0,"skipped":0,"pct":0},"statements":{"total":24,"covered":3,"skipped":0,"pct":12.5},"branches":{"total":6,"covered":1,"skipped":0,"pct":16.66}}
,"/home/runner/work/pebble-app-framework/pebble-app-framework/tools/clay-components/generate-components.ts": {"lines":{"total":86,"covered":70,"skipped":0,"pct":81.39},"functions":{"total":34,"covered":27,"skipped":0,"pct":79.41},"statements":{"total":95,"covered":76,"skipped":0,"pct":80},"branches":{"total":32,"covered":22,"skipped":0,"pct":68.75}}
,"/home/runner/work/pebble-app-framework/pebble-app-framework/tools/dev/clay-preview.ts": {"lines":{"total":85,"covered":0,"skipped":0,"pct":0},"functions":{"total":20,"covered":0,"skipped":0,"pct":0},"statements":{"total":93,"covered":0,"skipped":0,"pct":0},"branches":{"total":50,"covered":0,"skipped":0,"pct":0}}
,"/home/runner/work/pebble-app-framework/pebble-app-framework/tools/frame/generate-frame.ts": {"lines":{"total":160,"covered":84,"skipped":0,"pct":52.5},"functions":{"total":25,"covered":8,"skipped":0,"pct":32},"statements":{"total":165,"covered":87,"skipped":0,"pct":52.72},"branches":{"total":81,"covered":45,"skipped":0,"pct":55.55}}
,"/home/runner/work/pebble-app-framework/pebble-app-framework/tools/icons/generate-icons.ts": {"lines":{"total":125,"covered":57,"skipped":0,"pct":45.6},"functions":{"total":26,"covered":16,"skipped":0,"pct":61.53},"statements":{"total":144,"covered":70,"skipped":0,"pct":48.61},"branches":{"total":65,"covered":29,"skipped":0,"pct":44.61}}
,"/home/runner/work/pebble-app-framework/pebble-app-framework/tools/manifest/build-manifests.ts": {"lines":{"total":75,"covered":35,"skipped":0,"pct":46.66},"functions":{"total":14,"covered":9,"skipped":0,"pct":64.28},"statements":{"total":80,"covered":38,"skipped":0,"pct":47.5},"branches":{"total":40,"covered":26,"skipped":0,"pct":65}}
,"/home/runner/work/pebble-app-framework/pebble-app-framework/tools/pkjs/build-pkjs.ts": {"lines":{"total":78,"covered":38,"skipped":0,"pct":48.71},"functions":{"total":14,"covered":5,"skipped":0,"pct":35.71},"statements":{"total":81,"covered":39,"skipped":0,"pct":48.14},"branches":{"total":33,"covered":20,"skipped":0,"pct":60.6}}
,"/home/runner/work/pebble-app-framework/pebble-app-framework/tools/thumbnails/embed-thumbnails.ts": {"lines":{"total":72,"covered":34,"skipped":0,"pct":47.22},"functions":{"total":23,"covered":11,"skipped":0,"pct":47.82},"statements":{"total":75,"covered":34,"skipped":0,"pct":45.33},"branches":{"total":27,"covered":11,"skipped":0,"pct":40.74}}
,"/home/runner/work/pebble-app-framework/pebble-app-framework/ts/calendar/feature.ts": {"lines":{"total":51,"covered":47,"skipped":0,"pct":92.15},"functions":{"total":11,"covered":11,"skipped":0,"pct":100},"statements":{"total":52,"covered":48,"skipped":0,"pct":92.3},"branches":{"total":30,"covered":23,"skipped":0,"pct":76.66}}
,"/home/runner/work/pebble-app-framework/pebble-app-framework/ts/calendar/ical.ts": {"lines":{"total":102,"covered":99,"skipped":0,"pct":97.05},"functions":{"total":17,"covered":17,"skipped":0,"pct":100},"statements":{"total":109,"covered":106,"skipped":0,"pct":97.24},"branches":{"total":58,"covered":53,"skipped":0,"pct":91.37}}
,"/home/runner/work/pebble-app-framework/pebble-app-framework/ts/clay/hidden-store-component.ts": {"lines":{"total":4,"covered":4,"skipped":0,"pct":100},"functions":{"total":1,"covered":1,"skipped":0,"pct":100},"statements":{"total":4,"covered":4,"skipped":0,"pct":100},"branches":{"total":8,"covered":8,"skipped":0,"pct":100}}
,"/home/runner/work/pebble-app-framework/pebble-app-framework/ts/clay/location-component.ts": {"lines":{"total":209,"covered":197,"skipped":0,"pct":94.25},"functions":{"total":30,"covered":29,"skipped":0,"pct":96.66},"statements":{"total":212,"covered":200,"skipped":0,"pct":94.33},"branches":{"total":144,"covered":120,"skipped":0,"pct":83.33}}
,"/home/runner/work/pebble-app-framework/pebble-app-framework/ts/clay/types.ts": {"lines":{"total":0,"covered":0,"skipped":0,"pct":0},"functions":{"total":0,"covered":0,"skipped":0,"pct":0},"statements":{"total":0,"covered":0,"skipped":0,"pct":0},"branches":{"total":0,"covered":0,"skipped":0,"pct":0}}
,"/home/runner/work/pebble-app-framework/pebble-app-framework/ts/clay/builder/ts/drag.ts": {"lines":{"total":79,"covered":72,"skipped":0,"pct":91.13},"functions":{"total":12,"covered":12,"skipped":0,"pct":100},"statements":{"total":79,"covered":72,"skipped":0,"pct":91.13},"branches":{"total":48,"covered":39,"skipped":0,"pct":81.25}}
,"/home/runner/work/pebble-app-framework/pebble-app-framework/ts/clay/builder/ts/types.ts": {"lines":{"total":0,"covered":0,"skipped":0,"pct":0},"functions":{"total":0,"covered":0,"skipped":0,"pct":0},"statements":{"total":0,"covered":0,"skipped":0,"pct":0},"branches":{"total":0,"covered":0,"skipped":0,"pct":0}}
,"/home/runner/work/pebble-app-framework/pebble-app-framework/ts/clay/builder/ts/shared/io-panel.ts": {"lines":{"total":29,"covered":29,"skipped":0,"pct":100},"functions":{"total":4,"covered":4,"skipped":0,"pct":100},"statements":{"total":29,"covered":29,"skipped":0,"pct":100},"branches":{"total":0,"covered":0,"skipped":0,"pct":100}}
,"/home/runner/work/pebble-app-framework/pebble-app-framework/ts/clay/builder/ts/shared/overlay.ts": {"lines":{"total":19,"covered":19,"skipped":0,"pct":100},"functions":{"total":3,"covered":3,"skipped":0,"pct":100},"statements":{"total":19,"covered":19,"skipped":0,"pct":100},"branches":{"total":10,"covered":10,"skipped":0,"pct":100}}
,"/home/runner/work/pebble-app-framework/pebble-app-framework/ts/clay/builder/ts/shared/thumbs.ts": {"lines":{"total":2,"covered":2,"skipped":0,"pct":100},"functions":{"total":1,"covered":1,"skipped":0,"pct":100},"statements":{"total":2,"covered":2,"skipped":0,"pct":100},"branches":{"total":3,"covered":3,"skipped":0,"pct":100}}
,"/home/runner/work/pebble-app-framework/pebble-app-framework/ts/pkjs/app.ts": {"lines":{"total":182,"covered":175,"skipped":0,"pct":96.15},"functions":{"total":53,"covered":50,"skipped":0,"pct":94.33},"statements":{"total":200,"covered":191,"skipped":0,"pct":95.5},"branches":{"total":133,"covered":124,"skipped":0,"pct":93.23}}
,"/home/runner/work/pebble-app-framework/pebble-app-framework/ts/pkjs/asks.ts": {"lines":{"total":11,"covered":11,"skipped":0,"pct":100},"functions":{"total":5,"covered":5,"skipped":0,"pct":100},"statements":{"total":11,"covered":11,"skipped":0,"pct":100},"branches":{"total":2,"covered":2,"skipped":0,"pct":100}}
,"/home/runner/work/pebble-app-framework/pebble-app-framework/ts/pkjs/config-builder.ts": {"lines":{"total":42,"covered":40,"skipped":0,"pct":95.23},"functions":{"total":8,"covered":8,"skipped":0,"pct":100},"statements":{"total":42,"covered":40,"skipped":0,"pct":95.23},"branches":{"total":88,"covered":67,"skipped":0,"pct":76.13}}
,"/home/runner/work/pebble-app-framework/pebble-app-framework/ts/pkjs/config-rows.ts": {"lines":{"total":7,"covered":1,"skipped":0,"pct":14.28},"functions":{"total":3,"covered":0,"skipped":0,"pct":0},"statements":{"total":7,"covered":1,"skipped":0,"pct":14.28},"branches":{"total":2,"covered":0,"skipped":0,"pct":0}}
,"/home/runner/work/pebble-app-framework/pebble-app-framework/ts/pkjs/feature.ts": {"lines":{"total":0,"covered":0,"skipped":0,"pct":0},"functions":{"total":0,"covered":0,"skipped":0,"pct":0},"statements":{"total":0,"covered":0,"skipped":0,"pct":0},"branches":{"total":0,"covered":0,"skipped":0,"pct":0}}
,"/home/runner/work/pebble-app-framework/pebble-app-framework/ts/pkjs/place.ts": {"lines":{"total":30,"covered":29,"skipped":0,"pct":96.66},"functions":{"total":3,"covered":3,"skipped":0,"pct":100},"statements":{"total":30,"covered":29,"skipped":0,"pct":96.66},"branches":{"total":33,"covered":31,"skipped":0,"pct":93.93}}
,"/home/runner/work/pebble-app-framework/pebble-app-framework/ts/pkjs/providers.ts": {"lines":{"total":10,"covered":10,"skipped":0,"pct":100},"functions":{"total":3,"covered":3,"skipped":0,"pct":100},"statements":{"total":10,"covered":10,"skipped":0,"pct":100},"branches":{"total":6,"covered":6,"skipped":0,"pct":100}}
,"/home/runner/work/pebble-app-framework/pebble-app-framework/ts/pkjs/request.ts": {"lines":{"total":35,"covered":35,"skipped":0,"pct":100},"functions":{"total":10,"covered":10,"skipped":0,"pct":100},"statements":{"total":36,"covered":36,"skipped":0,"pct":100},"branches":{"total":18,"covered":18,"skipped":0,"pct":100}}
,"/home/runner/work/pebble-app-framework/pebble-app-framework/ts/pkjs/round.ts": {"lines":{"total":12,"covered":12,"skipped":0,"pct":100},"functions":{"total":5,"covered":5,"skipped":0,"pct":100},"statements":{"total":12,"covered":12,"skipped":0,"pct":100},"branches":{"total":6,"covered":6,"skipped":0,"pct":100}}
,"/home/runner/work/pebble-app-framework/pebble-app-framework/ts/pkjs/send-queue.ts": {"lines":{"total":53,"covered":53,"skipped":0,"pct":100},"functions":{"total":14,"covered":14,"skipped":0,"pct":100},"statements":{"total":56,"covered":56,"skipped":0,"pct":100},"branches":{"total":14,"covered":14,"skipped":0,"pct":100}}
,"/home/runner/work/pebble-app-framework/pebble-app-framework/ts/pkjs/settings-store.ts": {"lines":{"total":30,"covered":30,"skipped":0,"pct":100},"functions":{"total":11,"covered":11,"skipped":0,"pct":100},"statements":{"total":31,"covered":31,"skipped":0,"pct":100},"branches":{"total":33,"covered":33,"skipped":0,"pct":100}}
,"/home/runner/work/pebble-app-framework/pebble-app-framework/ts/pkjs/timezone.ts": {"lines":{"total":36,"covered":32,"skipped":0,"pct":88.88},"functions":{"total":6,"covered":6,"skipped":0,"pct":100},"statements":{"total":37,"covered":33,"skipped":0,"pct":89.18},"branches":{"total":31,"covered":25,"skipped":0,"pct":80.64}}
,"/home/runner/work/pebble-app-framework/pebble-app-framework/ts/pkjs/wire.ts": {"lines":{"total":92,"covered":92,"skipped":0,"pct":100},"functions":{"total":13,"covered":13,"skipped":0,"pct":100},"statements":{"total":96,"covered":96,"skipped":0,"pct":100},"branches":{"total":75,"covered":74,"skipped":0,"pct":98.66}}
,"/home/runner/work/pebble-app-framework/pebble-app-framework/ts/stock/cache.ts": {"lines":{"total":15,"covered":15,"skipped":0,"pct":100},"functions":{"total":3,"covered":3,"skipped":0,"pct":100},"statements":{"total":16,"covered":16,"skipped":0,"pct":100},"branches":{"total":18,"covered":18,"skipped":0,"pct":100}}
,"/home/runner/work/pebble-app-framework/pebble-app-framework/ts/stock/feature.ts": {"lines":{"total":97,"covered":94,"skipped":0,"pct":96.9},"functions":{"total":25,"covered":25,"skipped":0,"pct":100},"statements":{"total":103,"covered":100,"skipped":0,"pct":97.08},"branches":{"total":74,"covered":70,"skipped":0,"pct":94.59}}
,"/home/runner/work/pebble-app-framework/pebble-app-framework/ts/stock/schedule.ts": {"lines":{"total":37,"covered":36,"skipped":0,"pct":97.29},"functions":{"total":4,"covered":4,"skipped":0,"pct":100},"statements":{"total":37,"covered":36,"skipped":0,"pct":97.29},"branches":{"total":32,"covered":31,"skipped":0,"pct":96.87}}
,"/home/runner/work/pebble-app-framework/pebble-app-framework/ts/stock/stock.ts": {"lines":{"total":2,"covered":2,"skipped":0,"pct":100},"functions":{"total":1,"covered":1,"skipped":0,"pct":100},"statements":{"total":2,"covered":2,"skipped":0,"pct":100},"branches":{"total":0,"covered":0,"skipped":0,"pct":100}}
,"/home/runner/work/pebble-app-framework/pebble-app-framework/ts/stock/util.ts": {"lines":{"total":28,"covered":27,"skipped":0,"pct":96.42},"functions":{"total":7,"covered":7,"skipped":0,"pct":100},"statements":{"total":28,"covered":27,"skipped":0,"pct":96.42},"branches":{"total":38,"covered":33,"skipped":0,"pct":86.84}}
,"/home/runner/work/pebble-app-framework/pebble-app-framework/ts/stock/providers/alphavantage.ts": {"lines":{"total":21,"covered":20,"skipped":0,"pct":95.23},"functions":{"total":2,"covered":2,"skipped":0,"pct":100},"statements":{"total":21,"covered":20,"skipped":0,"pct":95.23},"branches":{"total":16,"covered":14,"skipped":0,"pct":87.5}}
,"/home/runner/work/pebble-app-framework/pebble-app-framework/ts/stock/providers/finnhub.ts": {"lines":{"total":32,"covered":31,"skipped":0,"pct":96.87},"functions":{"total":2,"covered":2,"skipped":0,"pct":100},"statements":{"total":32,"covered":31,"skipped":0,"pct":96.87},"branches":{"total":32,"covered":31,"skipped":0,"pct":96.87}}
,"/home/runner/work/pebble-app-framework/pebble-app-framework/ts/stock/providers/twelvedata.ts": {"lines":{"total":28,"covered":27,"skipped":0,"pct":96.42},"functions":{"total":2,"covered":2,"skipped":0,"pct":100},"statements":{"total":28,"covered":27,"skipped":0,"pct":96.42},"branches":{"total":29,"covered":25,"skipped":0,"pct":86.2}}
,"/home/runner/work/pebble-app-framework/pebble-app-framework/ts/stock/providers/yahoo.ts": {"lines":{"total":19,"covered":19,"skipped":0,"pct":100},"functions":{"total":2,"covered":2,"skipped":0,"pct":100},"statements":{"total":19,"covered":19,"skipped":0,"pct":100},"branches":{"total":19,"covered":17,"skipped":0,"pct":89.47}}
,"/home/runner/work/pebble-app-framework/pebble-app-framework/ts/weather/conditions.ts": {"lines":{"total":10,"covered":10,"skipped":0,"pct":100},"functions":{"total":2,"covered":2,"skipped":0,"pct":100},"statements":{"total":11,"covered":11,"skipped":0,"pct":100},"branches":{"total":4,"covered":4,"skipped":0,"pct":100}}
,"/home/runner/work/pebble-app-framework/pebble-app-framework/ts/weather/feature.ts": {"lines":{"total":122,"covered":101,"skipped":0,"pct":82.78},"functions":{"total":33,"covered":29,"skipped":0,"pct":87.87},"statements":{"total":130,"covered":108,"skipped":0,"pct":83.07},"branches":{"total":80,"covered":56,"skipped":0,"pct":70}}
,"/home/runner/work/pebble-app-framework/pebble-app-framework/ts/weather/util.ts": {"lines":{"total":110,"covered":109,"skipped":0,"pct":99.09},"functions":{"total":21,"covered":21,"skipped":0,"pct":100},"statements":{"total":124,"covered":123,"skipped":0,"pct":99.19},"branches":{"total":112,"covered":109,"skipped":0,"pct":97.32}}
,"/home/runner/work/pebble-app-framework/pebble-app-framework/ts/weather/weather.ts": {"lines":{"total":2,"covered":2,"skipped":0,"pct":100},"functions":{"total":1,"covered":1,"skipped":0,"pct":100},"statements":{"total":2,"covered":2,"skipped":0,"pct":100},"branches":{"total":0,"covered":0,"skipped":0,"pct":100}}
,"/home/runner/work/pebble-app-framework/pebble-app-framework/ts/weather/providers/openmeteo.ts": {"lines":{"total":133,"covered":129,"skipped":0,"pct":96.99},"functions":{"total":22,"covered":22,"skipped":0,"pct":100},"statements":{"total":140,"covered":136,"skipped":0,"pct":97.14},"branches":{"total":112,"covered":104,"skipped":0,"pct":92.85}}
,"/home/runner/work/pebble-app-framework/pebble-app-framework/ts/weather/providers/owm.ts": {"lines":{"total":46,"covered":46,"skipped":0,"pct":100},"functions":{"total":8,"covered":8,"skipped":0,"pct":100},"statements":{"total":49,"covered":49,"skipped":0,"pct":100},"branches":{"total":53,"covered":52,"skipped":0,"pct":98.11}}
,"/home/runner/work/pebble-app-framework/pebble-app-framework/ts/weather/providers/weatherapi.ts": {"lines":{"total":49,"covered":49,"skipped":0,"pct":100},"functions":{"total":9,"covered":9,"skipped":0,"pct":100},"statements":{"total":51,"covered":51,"skipped":0,"pct":100},"branches":{"total":67,"covered":62,"skipped":0,"pct":92.53}}
}
