{"total": {"lines":{"total":2886,"covered":2328,"skipped":0,"pct":80.66},"statements":{"total":3023,"covered":2426,"skipped":0,"pct":80.25},"functions":{"total":539,"covered":416,"skipped":0,"pct":77.17},"branches":{"total":1883,"covered":1438,"skipped":0,"pct":76.36},"branchesTrue":{"total":0,"covered":0,"skipped":0,"pct":100}}
,"/home/andrew/backport/v2.1.0/.github/actions/build-docs-site/scripts/build-docs-site.js": {"lines":{"total":48,"covered":46,"skipped":0,"pct":95.83},"functions":{"total":8,"covered":8,"skipped":0,"pct":100},"statements":{"total":51,"covered":49,"skipped":0,"pct":96.07},"branches":{"total":32,"covered":24,"skipped":0,"pct":75}}
,"/home/andrew/backport/v2.1.0/.github/actions/build-docs-site/scripts/lib.js": {"lines":{"total":17,"covered":17,"skipped":0,"pct":100},"functions":{"total":4,"covered":4,"skipped":0,"pct":100},"statements":{"total":17,"covered":17,"skipped":0,"pct":100},"branches":{"total":18,"covered":17,"skipped":0,"pct":94.44}}
,"/home/andrew/backport/v2.1.0/.github/actions/build-doxygen/scripts/build-doxygen.js": {"lines":{"total":28,"covered":27,"skipped":0,"pct":96.42},"functions":{"total":3,"covered":3,"skipped":0,"pct":100},"statements":{"total":29,"covered":28,"skipped":0,"pct":96.55},"branches":{"total":24,"covered":20,"skipped":0,"pct":83.33}}
,"/home/andrew/backport/v2.1.0/.github/actions/build-doxygen/scripts/lib.js": {"lines":{"total":14,"covered":13,"skipped":0,"pct":92.85},"functions":{"total":1,"covered":1,"skipped":0,"pct":100},"statements":{"total":14,"covered":13,"skipped":0,"pct":92.85},"branches":{"total":10,"covered":8,"skipped":0,"pct":80}}
,"/home/andrew/backport/v2.1.0/.github/actions/prepare-release/scripts/lib.js": {"lines":{"total":20,"covered":19,"skipped":0,"pct":95},"functions":{"total":5,"covered":4,"skipped":0,"pct":80},"statements":{"total":21,"covered":19,"skipped":0,"pct":90.47},"branches":{"total":12,"covered":10,"skipped":0,"pct":83.33}}
,"/home/andrew/backport/v2.1.0/.github/actions/prepare-release/scripts/prepare-release.js": {"lines":{"total":56,"covered":50,"skipped":0,"pct":89.28},"functions":{"total":3,"covered":2,"skipped":0,"pct":66.66},"statements":{"total":58,"covered":51,"skipped":0,"pct":87.93},"branches":{"total":36,"covered":22,"skipped":0,"pct":61.11}}
,"/home/andrew/backport/v2.1.0/.github/actions/publish-docs-site/scripts/lib.js": {"lines":{"total":38,"covered":34,"skipped":0,"pct":89.47},"functions":{"total":10,"covered":10,"skipped":0,"pct":100},"statements":{"total":43,"covered":39,"skipped":0,"pct":90.69},"branches":{"total":35,"covered":28,"skipped":0,"pct":80}}
,"/home/andrew/backport/v2.1.0/.github/actions/publish-release/scripts/lib.js": {"lines":{"total":4,"covered":4,"skipped":0,"pct":100},"functions":{"total":1,"covered":1,"skipped":0,"pct":100},"statements":{"total":4,"covered":4,"skipped":0,"pct":100},"branches":{"total":2,"covered":2,"skipped":0,"pct":100}}
,"/home/andrew/backport/v2.1.0/.github/actions/publish-release/scripts/publish-release.js": {"lines":{"total":39,"covered":38,"skipped":0,"pct":97.43},"functions":{"total":5,"covered":5,"skipped":0,"pct":100},"statements":{"total":41,"covered":40,"skipped":0,"pct":97.56},"branches":{"total":14,"covered":10,"skipped":0,"pct":71.42}}
,"/home/andrew/backport/v2.1.0/.github/actions/render-memory/scripts/lib.js": {"lines":{"total":21,"covered":21,"skipped":0,"pct":100},"functions":{"total":6,"covered":6,"skipped":0,"pct":100},"statements":{"total":21,"covered":21,"skipped":0,"pct":100},"branches":{"total":6,"covered":6,"skipped":0,"pct":100}}
,"/home/andrew/backport/v2.1.0/.github/actions/render-memory/scripts/render-memory.js": {"lines":{"total":16,"covered":16,"skipped":0,"pct":100},"functions":{"total":4,"covered":4,"skipped":0,"pct":100},"statements":{"total":19,"covered":19,"skipped":0,"pct":100},"branches":{"total":4,"covered":3,"skipped":0,"pct":75}}
,"/home/andrew/backport/v2.1.0/.github/actions/report-memory/scripts/lib.js": {"lines":{"total":31,"covered":30,"skipped":0,"pct":96.77},"functions":{"total":3,"covered":3,"skipped":0,"pct":100},"statements":{"total":32,"covered":31,"skipped":0,"pct":96.87},"branches":{"total":12,"covered":9,"skipped":0,"pct":75}}
,"/home/andrew/backport/v2.1.0/.github/actions/report-memory/scripts/report-memory.js": {"lines":{"total":35,"covered":33,"skipped":0,"pct":94.28},"functions":{"total":2,"covered":2,"skipped":0,"pct":100},"statements":{"total":35,"covered":33,"skipped":0,"pct":94.28},"branches":{"total":14,"covered":9,"skipped":0,"pct":64.28}}
,"/home/andrew/backport/v2.1.0/.github/actions/setup-pebble/scripts/lib.js": {"lines":{"total":26,"covered":26,"skipped":0,"pct":100},"functions":{"total":5,"covered":5,"skipped":0,"pct":100},"statements":{"total":26,"covered":26,"skipped":0,"pct":100},"branches":{"total":14,"covered":14,"skipped":0,"pct":100}}
,"/home/andrew/backport/v2.1.0/.github/actions/setup-pebble/scripts/verify-pebble.js": {"lines":{"total":26,"covered":26,"skipped":0,"pct":100},"functions":{"total":2,"covered":2,"skipped":0,"pct":100},"statements":{"total":27,"covered":27,"skipped":0,"pct":100},"branches":{"total":18,"covered":16,"skipped":0,"pct":88.88}}
,"/home/andrew/backport/v2.1.0/.github/actions/verify-c-tests/scripts/lib.js": {"lines":{"total":32,"covered":32,"skipped":0,"pct":100},"functions":{"total":2,"covered":2,"skipped":0,"pct":100},"statements":{"total":33,"covered":33,"skipped":0,"pct":100},"branches":{"total":20,"covered":19,"skipped":0,"pct":95}}
,"/home/andrew/backport/v2.1.0/.github/actions/verify-c-tests/scripts/verify-c-tests.js": {"lines":{"total":50,"covered":50,"skipped":0,"pct":100},"functions":{"total":6,"covered":6,"skipped":0,"pct":100},"statements":{"total":54,"covered":54,"skipped":0,"pct":100},"branches":{"total":25,"covered":22,"skipped":0,"pct":88}}
,"/home/andrew/backport/v2.1.0/.github/actions/verify-eslint/scripts/lib.js": {"lines":{"total":7,"covered":7,"skipped":0,"pct":100},"functions":{"total":1,"covered":1,"skipped":0,"pct":100},"statements":{"total":7,"covered":7,"skipped":0,"pct":100},"branches":{"total":8,"covered":7,"skipped":0,"pct":87.5}}
,"/home/andrew/backport/v2.1.0/.github/actions/verify-eslint/scripts/verify-eslint.js": {"lines":{"total":25,"covered":25,"skipped":0,"pct":100},"functions":{"total":3,"covered":3,"skipped":0,"pct":100},"statements":{"total":26,"covered":26,"skipped":0,"pct":100},"branches":{"total":10,"covered":9,"skipped":0,"pct":90}}
,"/home/andrew/backport/v2.1.0/.github/actions/verify-typecheck/scripts/lib.js": {"lines":{"total":14,"covered":14,"skipped":0,"pct":100},"functions":{"total":1,"covered":1,"skipped":0,"pct":100},"statements":{"total":14,"covered":14,"skipped":0,"pct":100},"branches":{"total":10,"covered":10,"skipped":0,"pct":100}}
,"/home/andrew/backport/v2.1.0/.github/actions/verify-typecheck/scripts/verify-typecheck.js": {"lines":{"total":35,"covered":35,"skipped":0,"pct":100},"functions":{"total":6,"covered":6,"skipped":0,"pct":100},"statements":{"total":36,"covered":36,"skipped":0,"pct":100},"branches":{"total":20,"covered":19,"skipped":0,"pct":95}}
,"/home/andrew/backport/v2.1.0/.github/actions/verify-vitest/scripts/lib.js": {"lines":{"total":12,"covered":12,"skipped":0,"pct":100},"functions":{"total":3,"covered":3,"skipped":0,"pct":100},"statements":{"total":13,"covered":13,"skipped":0,"pct":100},"branches":{"total":26,"covered":21,"skipped":0,"pct":80.76}}
,"/home/andrew/backport/v2.1.0/.github/actions/verify-vitest/scripts/verify-vitest.js": {"lines":{"total":26,"covered":26,"skipped":0,"pct":100},"functions":{"total":3,"covered":3,"skipped":0,"pct":100},"statements":{"total":27,"covered":27,"skipped":0,"pct":100},"branches":{"total":14,"covered":12,"skipped":0,"pct":85.71}}
,"/home/andrew/backport/v2.1.0/testing/fetch-request.ts": {"lines":{"total":3,"covered":0,"skipped":0,"pct":0},"functions":{"total":4,"covered":0,"skipped":0,"pct":0},"statements":{"total":4,"covered":0,"skipped":0,"pct":0},"branches":{"total":2,"covered":0,"skipped":0,"pct":0}}
,"/home/andrew/backport/v2.1.0/tools/build-conditions.ts": {"lines":{"total":80,"covered":75,"skipped":0,"pct":93.75},"functions":{"total":15,"covered":12,"skipped":0,"pct":80},"statements":{"total":82,"covered":75,"skipped":0,"pct":91.46},"branches":{"total":10,"covered":9,"skipped":0,"pct":90}}
,"/home/andrew/backport/v2.1.0/tools/faces.ts": {"lines":{"total":37,"covered":28,"skipped":0,"pct":75.67},"functions":{"total":11,"covered":6,"skipped":0,"pct":54.54},"statements":{"total":39,"covered":28,"skipped":0,"pct":71.79},"branches":{"total":24,"covered":17,"skipped":0,"pct":70.83}}
,"/home/andrew/backport/v2.1.0/tools/paths.ts": {"lines":{"total":13,"covered":12,"skipped":0,"pct":92.3},"functions":{"total":3,"covered":3,"skipped":0,"pct":100},"statements":{"total":13,"covered":12,"skipped":0,"pct":92.3},"branches":{"total":16,"covered":16,"skipped":0,"pct":100}}
,"/home/andrew/backport/v2.1.0/tools/clay-components/generate-components.ts": {"lines":{"total":80,"covered":62,"skipped":0,"pct":77.5},"functions":{"total":33,"covered":26,"skipped":0,"pct":78.78},"statements":{"total":90,"covered":69,"skipped":0,"pct":76.66},"branches":{"total":28,"covered":17,"skipped":0,"pct":60.71}}
,"/home/andrew/backport/v2.1.0/tools/dev/clay-preview.ts": {"lines":{"total":90,"covered":0,"skipped":0,"pct":0},"functions":{"total":20,"covered":0,"skipped":0,"pct":0},"statements":{"total":98,"covered":0,"skipped":0,"pct":0},"branches":{"total":44,"covered":0,"skipped":0,"pct":0}}
,"/home/andrew/backport/v2.1.0/tools/frame/generate-frame.ts": {"lines":{"total":147,"covered":78,"skipped":0,"pct":53.06},"functions":{"total":22,"covered":7,"skipped":0,"pct":31.81},"statements":{"total":152,"covered":81,"skipped":0,"pct":53.28},"branches":{"total":77,"covered":44,"skipped":0,"pct":57.14}}
,"/home/andrew/backport/v2.1.0/tools/icons/generate-icons.ts": {"lines":{"total":115,"covered":51,"skipped":0,"pct":44.34},"functions":{"total":22,"covered":12,"skipped":0,"pct":54.54},"statements":{"total":130,"covered":60,"skipped":0,"pct":46.15},"branches":{"total":65,"covered":29,"skipped":0,"pct":44.61}}
,"/home/andrew/backport/v2.1.0/tools/manifest/build-manifests.ts": {"lines":{"total":49,"covered":18,"skipped":0,"pct":36.73},"functions":{"total":8,"covered":5,"skipped":0,"pct":62.5},"statements":{"total":50,"covered":19,"skipped":0,"pct":38},"branches":{"total":24,"covered":10,"skipped":0,"pct":41.66}}
,"/home/andrew/backport/v2.1.0/tools/pkjs/build-pkjs.ts": {"lines":{"total":73,"covered":38,"skipped":0,"pct":52.05},"functions":{"total":11,"covered":5,"skipped":0,"pct":45.45},"statements":{"total":74,"covered":39,"skipped":0,"pct":52.7},"branches":{"total":33,"covered":18,"skipped":0,"pct":54.54}}
,"/home/andrew/backport/v2.1.0/tools/thumbnails/embed-thumbnails.ts": {"lines":{"total":69,"covered":31,"skipped":0,"pct":44.92},"functions":{"total":23,"covered":11,"skipped":0,"pct":47.82},"statements":{"total":72,"covered":31,"skipped":0,"pct":43.05},"branches":{"total":25,"covered":9,"skipped":0,"pct":36}}
,"/home/andrew/backport/v2.1.0/ts/calendar/feature.ts": {"lines":{"total":41,"covered":27,"skipped":0,"pct":65.85},"functions":{"total":11,"covered":7,"skipped":0,"pct":63.63},"statements":{"total":41,"covered":27,"skipped":0,"pct":65.85},"branches":{"total":20,"covered":11,"skipped":0,"pct":55}}
,"/home/andrew/backport/v2.1.0/ts/calendar/ical.ts": {"lines":{"total":71,"covered":68,"skipped":0,"pct":95.77},"functions":{"total":15,"covered":15,"skipped":0,"pct":100},"statements":{"total":77,"covered":74,"skipped":0,"pct":96.1},"branches":{"total":34,"covered":31,"skipped":0,"pct":91.17}}
,"/home/andrew/backport/v2.1.0/ts/clay/hidden-store-component.ts": {"lines":{"total":4,"covered":4,"skipped":0,"pct":100},"functions":{"total":1,"covered":1,"skipped":0,"pct":100},"statements":{"total":4,"covered":4,"skipped":0,"pct":100},"branches":{"total":8,"covered":8,"skipped":0,"pct":100}}
,"/home/andrew/backport/v2.1.0/ts/clay/location-component.ts": {"lines":{"total":191,"covered":178,"skipped":0,"pct":93.19},"functions":{"total":29,"covered":28,"skipped":0,"pct":96.55},"statements":{"total":194,"covered":181,"skipped":0,"pct":93.29},"branches":{"total":128,"covered":105,"skipped":0,"pct":82.03}}
,"/home/andrew/backport/v2.1.0/ts/clay/types.ts": {"lines":{"total":0,"covered":0,"skipped":0,"pct":0},"functions":{"total":0,"covered":0,"skipped":0,"pct":0},"statements":{"total":0,"covered":0,"skipped":0,"pct":0},"branches":{"total":0,"covered":0,"skipped":0,"pct":0}}
,"/home/andrew/backport/v2.1.0/ts/clay/builder/ts/drag.ts": {"lines":{"total":65,"covered":46,"skipped":0,"pct":70.76},"functions":{"total":10,"covered":8,"skipped":0,"pct":80},"statements":{"total":65,"covered":46,"skipped":0,"pct":70.76},"branches":{"total":35,"covered":19,"skipped":0,"pct":54.28}}
,"/home/andrew/backport/v2.1.0/ts/clay/builder/ts/types.ts": {"lines":{"total":0,"covered":0,"skipped":0,"pct":0},"functions":{"total":0,"covered":0,"skipped":0,"pct":0},"statements":{"total":0,"covered":0,"skipped":0,"pct":0},"branches":{"total":0,"covered":0,"skipped":0,"pct":0}}
,"/home/andrew/backport/v2.1.0/ts/clay/builder/ts/shared/io-panel.ts": {"lines":{"total":29,"covered":29,"skipped":0,"pct":100},"functions":{"total":4,"covered":4,"skipped":0,"pct":100},"statements":{"total":29,"covered":29,"skipped":0,"pct":100},"branches":{"total":0,"covered":0,"skipped":0,"pct":100}}
,"/home/andrew/backport/v2.1.0/ts/clay/builder/ts/shared/overlay.ts": {"lines":{"total":19,"covered":19,"skipped":0,"pct":100},"functions":{"total":3,"covered":3,"skipped":0,"pct":100},"statements":{"total":19,"covered":19,"skipped":0,"pct":100},"branches":{"total":10,"covered":10,"skipped":0,"pct":100}}
,"/home/andrew/backport/v2.1.0/ts/clay/builder/ts/shared/thumbs.ts": {"lines":{"total":2,"covered":2,"skipped":0,"pct":100},"functions":{"total":1,"covered":1,"skipped":0,"pct":100},"statements":{"total":2,"covered":2,"skipped":0,"pct":100},"branches":{"total":3,"covered":3,"skipped":0,"pct":100}}
,"/home/andrew/backport/v2.1.0/ts/clay/builder/ts/testing/harness.ts": {"lines":{"total":8,"covered":0,"skipped":0,"pct":0},"functions":{"total":1,"covered":0,"skipped":0,"pct":0},"statements":{"total":8,"covered":0,"skipped":0,"pct":0},"branches":{"total":2,"covered":0,"skipped":0,"pct":0}}
,"/home/andrew/backport/v2.1.0/ts/pkjs/app.ts": {"lines":{"total":232,"covered":163,"skipped":0,"pct":70.25},"functions":{"total":58,"covered":41,"skipped":0,"pct":70.68},"statements":{"total":245,"covered":170,"skipped":0,"pct":69.38},"branches":{"total":145,"covered":91,"skipped":0,"pct":62.75}}
,"/home/andrew/backport/v2.1.0/ts/pkjs/config-builder.ts": {"lines":{"total":37,"covered":33,"skipped":0,"pct":89.18},"functions":{"total":2,"covered":1,"skipped":0,"pct":50},"statements":{"total":38,"covered":33,"skipped":0,"pct":86.84},"branches":{"total":80,"covered":57,"skipped":0,"pct":71.25}}
,"/home/andrew/backport/v2.1.0/ts/pkjs/feature.ts": {"lines":{"total":0,"covered":0,"skipped":0,"pct":0},"functions":{"total":0,"covered":0,"skipped":0,"pct":0},"statements":{"total":0,"covered":0,"skipped":0,"pct":0},"branches":{"total":0,"covered":0,"skipped":0,"pct":0}}
,"/home/andrew/backport/v2.1.0/ts/pkjs/request.ts": {"lines":{"total":24,"covered":22,"skipped":0,"pct":91.66},"functions":{"total":6,"covered":5,"skipped":0,"pct":83.33},"statements":{"total":25,"covered":22,"skipped":0,"pct":88},"branches":{"total":8,"covered":7,"skipped":0,"pct":87.5}}
,"/home/andrew/backport/v2.1.0/ts/pkjs/send-queue.ts": {"lines":{"total":49,"covered":45,"skipped":0,"pct":91.83},"functions":{"total":13,"covered":12,"skipped":0,"pct":92.3},"statements":{"total":52,"covered":48,"skipped":0,"pct":92.3},"branches":{"total":18,"covered":16,"skipped":0,"pct":88.88}}
,"/home/andrew/backport/v2.1.0/ts/pkjs/settings-store.ts": {"lines":{"total":16,"covered":16,"skipped":0,"pct":100},"functions":{"total":7,"covered":7,"skipped":0,"pct":100},"statements":{"total":18,"covered":18,"skipped":0,"pct":100},"branches":{"total":18,"covered":18,"skipped":0,"pct":100}}
,"/home/andrew/backport/v2.1.0/ts/pkjs/timezone.ts": {"lines":{"total":34,"covered":30,"skipped":0,"pct":88.23},"functions":{"total":5,"covered":5,"skipped":0,"pct":100},"statements":{"total":35,"covered":31,"skipped":0,"pct":88.57},"branches":{"total":29,"covered":23,"skipped":0,"pct":79.31}}
,"/home/andrew/backport/v2.1.0/ts/pkjs/wire.ts": {"lines":{"total":87,"covered":87,"skipped":0,"pct":100},"functions":{"total":13,"covered":13,"skipped":0,"pct":100},"statements":{"total":92,"covered":92,"skipped":0,"pct":100},"branches":{"total":68,"covered":67,"skipped":0,"pct":98.52}}
,"/home/andrew/backport/v2.1.0/ts/stock/cache.ts": {"lines":{"total":15,"covered":15,"skipped":0,"pct":100},"functions":{"total":3,"covered":3,"skipped":0,"pct":100},"statements":{"total":16,"covered":16,"skipped":0,"pct":100},"branches":{"total":18,"covered":18,"skipped":0,"pct":100}}
,"/home/andrew/backport/v2.1.0/ts/stock/feature.ts": {"lines":{"total":88,"covered":61,"skipped":0,"pct":69.31},"functions":{"total":25,"covered":17,"skipped":0,"pct":68},"statements":{"total":92,"covered":63,"skipped":0,"pct":68.47},"branches":{"total":56,"covered":31,"skipped":0,"pct":55.35}}
,"/home/andrew/backport/v2.1.0/ts/stock/schedule.ts": {"lines":{"total":33,"covered":32,"skipped":0,"pct":96.96},"functions":{"total":4,"covered":4,"skipped":0,"pct":100},"statements":{"total":33,"covered":32,"skipped":0,"pct":96.96},"branches":{"total":28,"covered":27,"skipped":0,"pct":96.42}}
,"/home/andrew/backport/v2.1.0/ts/stock/stock.ts": {"lines":{"total":6,"covered":6,"skipped":0,"pct":100},"functions":{"total":1,"covered":1,"skipped":0,"pct":100},"statements":{"total":6,"covered":6,"skipped":0,"pct":100},"branches":{"total":6,"covered":6,"skipped":0,"pct":100}}
,"/home/andrew/backport/v2.1.0/ts/stock/util.ts": {"lines":{"total":36,"covered":35,"skipped":0,"pct":97.22},"functions":{"total":8,"covered":8,"skipped":0,"pct":100},"statements":{"total":36,"covered":35,"skipped":0,"pct":97.22},"branches":{"total":42,"covered":37,"skipped":0,"pct":88.09}}
,"/home/andrew/backport/v2.1.0/ts/stock/providers/alphavantage.ts": {"lines":{"total":21,"covered":20,"skipped":0,"pct":95.23},"functions":{"total":2,"covered":2,"skipped":0,"pct":100},"statements":{"total":21,"covered":20,"skipped":0,"pct":95.23},"branches":{"total":16,"covered":14,"skipped":0,"pct":87.5}}
,"/home/andrew/backport/v2.1.0/ts/stock/providers/finnhub.ts": {"lines":{"total":30,"covered":29,"skipped":0,"pct":96.66},"functions":{"total":2,"covered":2,"skipped":0,"pct":100},"statements":{"total":30,"covered":29,"skipped":0,"pct":96.66},"branches":{"total":30,"covered":29,"skipped":0,"pct":96.66}}
,"/home/andrew/backport/v2.1.0/ts/stock/providers/twelvedata.ts": {"lines":{"total":24,"covered":23,"skipped":0,"pct":95.83},"functions":{"total":2,"covered":2,"skipped":0,"pct":100},"statements":{"total":24,"covered":23,"skipped":0,"pct":95.83},"branches":{"total":25,"covered":21,"skipped":0,"pct":84}}
,"/home/andrew/backport/v2.1.0/ts/stock/providers/yahoo.ts": {"lines":{"total":19,"covered":19,"skipped":0,"pct":100},"functions":{"total":2,"covered":2,"skipped":0,"pct":100},"statements":{"total":19,"covered":19,"skipped":0,"pct":100},"branches":{"total":19,"covered":17,"skipped":0,"pct":89.47}}
,"/home/andrew/backport/v2.1.0/ts/weather/conditions.ts": {"lines":{"total":10,"covered":10,"skipped":0,"pct":100},"functions":{"total":2,"covered":2,"skipped":0,"pct":100},"statements":{"total":11,"covered":11,"skipped":0,"pct":100},"branches":{"total":4,"covered":4,"skipped":0,"pct":100}}
,"/home/andrew/backport/v2.1.0/ts/weather/util.ts": {"lines":{"total":107,"covered":106,"skipped":0,"pct":99.06},"functions":{"total":19,"covered":19,"skipped":0,"pct":100},"statements":{"total":120,"covered":119,"skipped":0,"pct":99.16},"branches":{"total":95,"covered":92,"skipped":0,"pct":96.84}}
,"/home/andrew/backport/v2.1.0/ts/weather/weather.ts": {"lines":{"total":6,"covered":6,"skipped":0,"pct":100},"functions":{"total":1,"covered":1,"skipped":0,"pct":100},"statements":{"total":6,"covered":6,"skipped":0,"pct":100},"branches":{"total":6,"covered":6,"skipped":0,"pct":100}}
,"/home/andrew/backport/v2.1.0/ts/weather/providers/openmeteo.ts": {"lines":{"total":110,"covered":107,"skipped":0,"pct":97.27},"functions":{"total":17,"covered":17,"skipped":0,"pct":100},"statements":{"total":115,"covered":112,"skipped":0,"pct":97.39},"branches":{"total":88,"covered":78,"skipped":0,"pct":88.63}}
,"/home/andrew/backport/v2.1.0/ts/weather/providers/owm.ts": {"lines":{"total":51,"covered":51,"skipped":0,"pct":100},"functions":{"total":7,"covered":7,"skipped":0,"pct":100},"statements":{"total":53,"covered":53,"skipped":0,"pct":100},"branches":{"total":55,"covered":54,"skipped":0,"pct":98.18}}
,"/home/andrew/backport/v2.1.0/ts/weather/providers/weatherapi.ts": {"lines":{"total":45,"covered":45,"skipped":0,"pct":100},"functions":{"total":6,"covered":6,"skipped":0,"pct":100},"statements":{"total":45,"covered":45,"skipped":0,"pct":100},"branches":{"total":57,"covered":52,"skipped":0,"pct":91.22}}
}
