{"total": {"lines":{"total":2006,"covered":1314,"skipped":0,"pct":65.5},"statements":{"total":2097,"covered":1377,"skipped":0,"pct":65.66},"functions":{"total":365,"covered":237,"skipped":0,"pct":64.93},"branches":{"total":1341,"covered":899,"skipped":0,"pct":67.03},"branchesTrue":{"total":0,"covered":0,"skipped":0,"pct":100}}
,"/home/aklitbo/engine-backfill/v1.1.0/testing/fetch-request.ts": {"lines":{"total":3,"covered":0,"skipped":0,"pct":0},"functions":{"total":4,"covered":0,"skipped":0,"pct":0},"statements":{"total":4,"covered":0,"skipped":0,"pct":0},"branches":{"total":2,"covered":0,"skipped":0,"pct":0}}
,"/home/aklitbo/engine-backfill/v1.1.0/tools/build-conditions.ts": {"lines":{"total":58,"covered":52,"skipped":0,"pct":89.65},"functions":{"total":7,"covered":6,"skipped":0,"pct":85.71},"statements":{"total":58,"covered":52,"skipped":0,"pct":89.65},"branches":{"total":6,"covered":5,"skipped":0,"pct":83.33}}
,"/home/aklitbo/engine-backfill/v1.1.0/tools/faces.ts": {"lines":{"total":37,"covered":28,"skipped":0,"pct":75.67},"functions":{"total":11,"covered":6,"skipped":0,"pct":54.54},"statements":{"total":39,"covered":28,"skipped":0,"pct":71.79},"branches":{"total":24,"covered":17,"skipped":0,"pct":70.83}}
,"/home/aklitbo/engine-backfill/v1.1.0/tools/paths.ts": {"lines":{"total":3,"covered":3,"skipped":0,"pct":100},"functions":{"total":0,"covered":0,"skipped":0,"pct":100},"statements":{"total":3,"covered":3,"skipped":0,"pct":100},"branches":{"total":5,"covered":2,"skipped":0,"pct":40}}
,"/home/aklitbo/engine-backfill/v1.1.0/tools/clay-components/generate-components.ts": {"lines":{"total":81,"covered":62,"skipped":0,"pct":76.54},"functions":{"total":30,"covered":26,"skipped":0,"pct":86.66},"statements":{"total":88,"covered":69,"skipped":0,"pct":78.4},"branches":{"total":28,"covered":17,"skipped":0,"pct":60.71}}
,"/home/aklitbo/engine-backfill/v1.1.0/tools/dev/clay-preview.ts": {"lines":{"total":90,"covered":0,"skipped":0,"pct":0},"functions":{"total":20,"covered":0,"skipped":0,"pct":0},"statements":{"total":98,"covered":0,"skipped":0,"pct":0},"branches":{"total":44,"covered":0,"skipped":0,"pct":0}}
,"/home/aklitbo/engine-backfill/v1.1.0/tools/frame/generate-frame.ts": {"lines":{"total":147,"covered":53,"skipped":0,"pct":36.05},"functions":{"total":22,"covered":5,"skipped":0,"pct":22.72},"statements":{"total":152,"covered":55,"skipped":0,"pct":36.18},"branches":{"total":77,"covered":22,"skipped":0,"pct":28.57}}
,"/home/aklitbo/engine-backfill/v1.1.0/tools/icons/generate-icons.ts": {"lines":{"total":114,"covered":51,"skipped":0,"pct":44.73},"functions":{"total":20,"covered":12,"skipped":0,"pct":60},"statements":{"total":128,"covered":60,"skipped":0,"pct":46.87},"branches":{"total":65,"covered":29,"skipped":0,"pct":44.61}}
,"/home/aklitbo/engine-backfill/v1.1.0/tools/manifest/build-manifests.ts": {"lines":{"total":42,"covered":17,"skipped":0,"pct":40.47},"functions":{"total":7,"covered":4,"skipped":0,"pct":57.14},"statements":{"total":43,"covered":18,"skipped":0,"pct":41.86},"branches":{"total":20,"covered":10,"skipped":0,"pct":50}}
,"/home/aklitbo/engine-backfill/v1.1.0/tools/pkjs/build-pkjs.ts": {"lines":{"total":54,"covered":17,"skipped":0,"pct":31.48},"functions":{"total":9,"covered":2,"skipped":0,"pct":22.22},"statements":{"total":54,"covered":17,"skipped":0,"pct":31.48},"branches":{"total":19,"covered":7,"skipped":0,"pct":36.84}}
,"/home/aklitbo/engine-backfill/v1.1.0/tools/thumbnails/embed-thumbnails.ts": {"lines":{"total":66,"covered":32,"skipped":0,"pct":48.48},"functions":{"total":18,"covered":11,"skipped":0,"pct":61.11},"statements":{"total":66,"covered":32,"skipped":0,"pct":48.48},"branches":{"total":20,"covered":9,"skipped":0,"pct":45}}
,"/home/aklitbo/engine-backfill/v1.1.0/ts/calendar/ical.ts": {"lines":{"total":63,"covered":60,"skipped":0,"pct":95.23},"functions":{"total":13,"covered":13,"skipped":0,"pct":100},"statements":{"total":69,"covered":66,"skipped":0,"pct":95.65},"branches":{"total":30,"covered":26,"skipped":0,"pct":86.66}}
,"/home/aklitbo/engine-backfill/v1.1.0/ts/clay/hidden-store-component.ts": {"lines":{"total":4,"covered":4,"skipped":0,"pct":100},"functions":{"total":1,"covered":1,"skipped":0,"pct":100},"statements":{"total":4,"covered":4,"skipped":0,"pct":100},"branches":{"total":8,"covered":8,"skipped":0,"pct":100}}
,"/home/aklitbo/engine-backfill/v1.1.0/ts/clay/location-component.ts": {"lines":{"total":100,"covered":89,"skipped":0,"pct":89},"functions":{"total":17,"covered":16,"skipped":0,"pct":94.11},"statements":{"total":102,"covered":91,"skipped":0,"pct":89.21},"branches":{"total":62,"covered":44,"skipped":0,"pct":70.96}}
,"/home/aklitbo/engine-backfill/v1.1.0/ts/clay/types.ts": {"lines":{"total":0,"covered":0,"skipped":0,"pct":0},"functions":{"total":0,"covered":0,"skipped":0,"pct":0},"statements":{"total":0,"covered":0,"skipped":0,"pct":0},"branches":{"total":0,"covered":0,"skipped":0,"pct":0}}
,"/home/aklitbo/engine-backfill/v1.1.0/ts/clay/builder/ts/drag.ts": {"lines":{"total":61,"covered":0,"skipped":0,"pct":0},"functions":{"total":10,"covered":0,"skipped":0,"pct":0},"statements":{"total":61,"covered":0,"skipped":0,"pct":0},"branches":{"total":33,"covered":0,"skipped":0,"pct":0}}
,"/home/aklitbo/engine-backfill/v1.1.0/ts/clay/builder/ts/types.ts": {"lines":{"total":0,"covered":0,"skipped":0,"pct":0},"functions":{"total":0,"covered":0,"skipped":0,"pct":0},"statements":{"total":0,"covered":0,"skipped":0,"pct":0},"branches":{"total":0,"covered":0,"skipped":0,"pct":0}}
,"/home/aklitbo/engine-backfill/v1.1.0/ts/clay/builder/ts/shared/io-panel.ts": {"lines":{"total":29,"covered":29,"skipped":0,"pct":100},"functions":{"total":4,"covered":4,"skipped":0,"pct":100},"statements":{"total":29,"covered":29,"skipped":0,"pct":100},"branches":{"total":0,"covered":0,"skipped":0,"pct":100}}
,"/home/aklitbo/engine-backfill/v1.1.0/ts/clay/builder/ts/shared/overlay.ts": {"lines":{"total":19,"covered":19,"skipped":0,"pct":100},"functions":{"total":3,"covered":3,"skipped":0,"pct":100},"statements":{"total":19,"covered":19,"skipped":0,"pct":100},"branches":{"total":10,"covered":10,"skipped":0,"pct":100}}
,"/home/aklitbo/engine-backfill/v1.1.0/ts/clay/builder/ts/shared/thumbs.ts": {"lines":{"total":2,"covered":2,"skipped":0,"pct":100},"functions":{"total":1,"covered":1,"skipped":0,"pct":100},"statements":{"total":2,"covered":2,"skipped":0,"pct":100},"branches":{"total":3,"covered":3,"skipped":0,"pct":100}}
,"/home/aklitbo/engine-backfill/v1.1.0/ts/clay/builder/ts/testing/harness.ts": {"lines":{"total":8,"covered":0,"skipped":0,"pct":0},"functions":{"total":1,"covered":0,"skipped":0,"pct":0},"statements":{"total":8,"covered":0,"skipped":0,"pct":0},"branches":{"total":2,"covered":0,"skipped":0,"pct":0}}
,"/home/aklitbo/engine-backfill/v1.1.0/ts/pkjs/app.ts": {"lines":{"total":340,"covered":124,"skipped":0,"pct":36.47},"functions":{"total":76,"covered":38,"skipped":0,"pct":50},"statements":{"total":354,"covered":131,"skipped":0,"pct":37},"branches":{"total":225,"covered":90,"skipped":0,"pct":40}}
,"/home/aklitbo/engine-backfill/v1.1.0/ts/pkjs/config-builder.ts": {"lines":{"total":37,"covered":33,"skipped":0,"pct":89.18},"functions":{"total":2,"covered":1,"skipped":0,"pct":50},"statements":{"total":38,"covered":33,"skipped":0,"pct":86.84},"branches":{"total":80,"covered":57,"skipped":0,"pct":71.25}}
,"/home/aklitbo/engine-backfill/v1.1.0/ts/pkjs/send-queue.ts": {"lines":{"total":34,"covered":34,"skipped":0,"pct":100},"functions":{"total":7,"covered":7,"skipped":0,"pct":100},"statements":{"total":37,"covered":37,"skipped":0,"pct":100},"branches":{"total":14,"covered":14,"skipped":0,"pct":100}}
,"/home/aklitbo/engine-backfill/v1.1.0/ts/pkjs/wire.ts": {"lines":{"total":75,"covered":75,"skipped":0,"pct":100},"functions":{"total":12,"covered":12,"skipped":0,"pct":100},"statements":{"total":79,"covered":79,"skipped":0,"pct":100},"branches":{"total":60,"covered":59,"skipped":0,"pct":98.33}}
,"/home/aklitbo/engine-backfill/v1.1.0/ts/stock/cache.ts": {"lines":{"total":15,"covered":15,"skipped":0,"pct":100},"functions":{"total":3,"covered":3,"skipped":0,"pct":100},"statements":{"total":16,"covered":16,"skipped":0,"pct":100},"branches":{"total":18,"covered":18,"skipped":0,"pct":100}}
,"/home/aklitbo/engine-backfill/v1.1.0/ts/stock/schedule.ts": {"lines":{"total":33,"covered":33,"skipped":0,"pct":100},"functions":{"total":4,"covered":4,"skipped":0,"pct":100},"statements":{"total":34,"covered":34,"skipped":0,"pct":100},"branches":{"total":26,"covered":26,"skipped":0,"pct":100}}
,"/home/aklitbo/engine-backfill/v1.1.0/ts/stock/stock.ts": {"lines":{"total":6,"covered":6,"skipped":0,"pct":100},"functions":{"total":1,"covered":1,"skipped":0,"pct":100},"statements":{"total":6,"covered":6,"skipped":0,"pct":100},"branches":{"total":6,"covered":6,"skipped":0,"pct":100}}
,"/home/aklitbo/engine-backfill/v1.1.0/ts/stock/util.ts": {"lines":{"total":35,"covered":34,"skipped":0,"pct":97.14},"functions":{"total":8,"covered":8,"skipped":0,"pct":100},"statements":{"total":35,"covered":34,"skipped":0,"pct":97.14},"branches":{"total":40,"covered":36,"skipped":0,"pct":90}}
,"/home/aklitbo/engine-backfill/v1.1.0/ts/stock/providers/alphavantage.ts": {"lines":{"total":21,"covered":20,"skipped":0,"pct":95.23},"functions":{"total":2,"covered":2,"skipped":0,"pct":100},"statements":{"total":21,"covered":20,"skipped":0,"pct":95.23},"branches":{"total":16,"covered":14,"skipped":0,"pct":87.5}}
,"/home/aklitbo/engine-backfill/v1.1.0/ts/stock/providers/finnhub.ts": {"lines":{"total":30,"covered":29,"skipped":0,"pct":96.66},"functions":{"total":2,"covered":2,"skipped":0,"pct":100},"statements":{"total":30,"covered":29,"skipped":0,"pct":96.66},"branches":{"total":30,"covered":29,"skipped":0,"pct":96.66}}
,"/home/aklitbo/engine-backfill/v1.1.0/ts/stock/providers/twelvedata.ts": {"lines":{"total":24,"covered":23,"skipped":0,"pct":95.83},"functions":{"total":2,"covered":2,"skipped":0,"pct":100},"statements":{"total":24,"covered":23,"skipped":0,"pct":95.83},"branches":{"total":25,"covered":21,"skipped":0,"pct":84}}
,"/home/aklitbo/engine-backfill/v1.1.0/ts/stock/providers/yahoo.ts": {"lines":{"total":19,"covered":19,"skipped":0,"pct":100},"functions":{"total":2,"covered":2,"skipped":0,"pct":100},"statements":{"total":19,"covered":19,"skipped":0,"pct":100},"branches":{"total":19,"covered":17,"skipped":0,"pct":89.47}}
,"/home/aklitbo/engine-backfill/v1.1.0/ts/weather/conditions.ts": {"lines":{"total":10,"covered":10,"skipped":0,"pct":100},"functions":{"total":2,"covered":2,"skipped":0,"pct":100},"statements":{"total":11,"covered":11,"skipped":0,"pct":100},"branches":{"total":4,"covered":4,"skipped":0,"pct":100}}
,"/home/aklitbo/engine-backfill/v1.1.0/ts/weather/util.ts": {"lines":{"total":140,"covered":139,"skipped":0,"pct":99.28},"functions":{"total":16,"covered":16,"skipped":0,"pct":100},"statements":{"total":153,"covered":152,"skipped":0,"pct":99.34},"branches":{"total":123,"covered":120,"skipped":0,"pct":97.56}}
,"/home/aklitbo/engine-backfill/v1.1.0/ts/weather/weather.ts": {"lines":{"total":6,"covered":6,"skipped":0,"pct":100},"functions":{"total":1,"covered":1,"skipped":0,"pct":100},"statements":{"total":6,"covered":6,"skipped":0,"pct":100},"branches":{"total":6,"covered":6,"skipped":0,"pct":100}}
,"/home/aklitbo/engine-backfill/v1.1.0/ts/weather/providers/openmeteo.ts": {"lines":{"total":115,"covered":112,"skipped":0,"pct":97.39},"functions":{"total":16,"covered":16,"skipped":0,"pct":100},"statements":{"total":120,"covered":117,"skipped":0,"pct":97.5},"branches":{"total":84,"covered":73,"skipped":0,"pct":86.9}}
,"/home/aklitbo/engine-backfill/v1.1.0/ts/weather/providers/owm.ts": {"lines":{"total":40,"covered":39,"skipped":0,"pct":97.5},"functions":{"total":5,"covered":4,"skipped":0,"pct":80},"statements":{"total":42,"covered":40,"skipped":0,"pct":95.23},"branches":{"total":50,"covered":48,"skipped":0,"pct":96}}
,"/home/aklitbo/engine-backfill/v1.1.0/ts/weather/providers/weatherapi.ts": {"lines":{"total":45,"covered":45,"skipped":0,"pct":100},"functions":{"total":6,"covered":6,"skipped":0,"pct":100},"statements":{"total":45,"covered":45,"skipped":0,"pct":100},"branches":{"total":57,"covered":52,"skipped":0,"pct":91.22}}
}
